android/app/build/intermediates/manifest_merge_blame_file/release/processReleaseMainManifest/manifest-merger-blame-release-report.txt
1<?xml version="1.0" encoding="utf-8"?>
2<manifest xmlns:android="http://schemas.android.com/apk/res/android"
3    package="com.pollitoproductions.koichi"
4    android:versionCode="4"
5    android:versionName="4.0" >
6
7    <uses-sdk
8        android:minSdkVersion="24"
9        android:targetSdkVersion="35" />
10
11    <uses-permission android:name="android.permission.INTERNET" />
11-->src/main/AndroidManifest.xml:6:5-67
11-->src/main/AndroidManifest.xml:6:22-64
12
13    <application
13-->src/main/AndroidManifest.xml:8:5-29:19
14        android:allowBackup="true"
14-->src/main/AndroidManifest.xml:9:9-35
15        android:extractNativeLibs="false"
16        android:hardwareAccelerated="true"
16-->src/main/AndroidManifest.xml:13:9-43
17        android:icon="@drawable/ic_launcher_foreground"
17-->src/main/AndroidManifest.xml:10:9-56
18        android:label="@string/app_name"
18-->src/main/AndroidManifest.xml:11:9-41
19        android:stopWithTask="true"
19-->src/main/AndroidManifest.xml:14:9-36
20        android:theme="@style/AppTheme" >
20-->src/main/AndroidManifest.xml:12:9-40
21        <activity
21-->src/main/AndroidManifest.xml:17:9-28:20
22            android:name="com.pollitoproductions.koichi.MainActivity"
22-->src/main/AndroidManifest.xml:18:13-41
23            android:configChanges="orientation|screenSize|keyboardHidden"
23-->src/main/AndroidManifest.xml:19:13-74
24            android:exported="true"
24-->src/main/AndroidManifest.xml:20:13-36
25            android:launchMode="singleTask"
25-->src/main/AndroidManifest.xml:21:13-44
26            android:screenOrientation="unspecified"
26-->src/main/AndroidManifest.xml:22:13-52
27            android:theme="@style/AppTheme" >
27-->src/main/AndroidManifest.xml:23:13-44
28            <intent-filter>
28-->src/main/AndroidManifest.xml:24:13-27:29
29                <action android:name="android.intent.action.MAIN" />
29-->src/main/AndroidManifest.xml:25:17-69
29-->src/main/AndroidManifest.xml:25:25-66
30
31                <category android:name="android.intent.category.LAUNCHER" />
31-->src/main/AndroidManifest.xml:26:17-77
31-->src/main/AndroidManifest.xml:26:27-74
32            </intent-filter>
33        </activity>
34    </application>
35
36</manifest>